{"/Users/mac/testing-and-debugging-ensuring-mern-app-reliability-Alameen-85/server/src/server.js": {"path":"/Users/mac/testing-and-debugging-ensuring-mern-app-reliability-Alameen-85/server/src/server.js","statementMap":{"0":{"start":{"line":1,"column":16},"end":{"line":1,"column":34}},"1":{"start":{"line":2,"column":17},"end":{"line":2,"column":36}},"2":{"start":{"line":3,"column":13},"end":{"line":3,"column":28}},"3":{"start":{"line":4,"column":15},"end":{"line":4,"column":32}},"4":{"start":{"line":7,"column":0},"end":{"line":7,"column":16}},"5":{"start":{"line":9,"column":12},"end":{"line":9,"column":21}},"6":{"start":{"line":12,"column":0},"end":{"line":12,"column":16}},"7":{"start":{"line":13,"column":0},"end":{"line":13,"column":24}},"8":{"start":{"line":16,"column":18},"end":{"line":16,"column":48}},"9":{"start":{"line":19,"column":0},"end":{"line":19,"column":32}},"10":{"start":{"line":22,"column":18},"end":{"line":30,"column":1}},"11":{"start":{"line":23,"column":4},"end":{"line":29,"column":5}},"12":{"start":{"line":24,"column":8},"end":{"line":24,"column":56}},"13":{"start":{"line":25,"column":8},"end":{"line":25,"column":64}},"14":{"start":{"line":27,"column":8},"end":{"line":27,"column":68}},"15":{"start":{"line":28,"column":8},"end":{"line":28,"column":24}},"16":{"start":{"line":33,"column":0},"end":{"line":41,"column":1}},"17":{"start":{"line":34,"column":4},"end":{"line":34,"column":16}},"18":{"start":{"line":36,"column":17},"end":{"line":36,"column":41}},"19":{"start":{"line":37,"column":4},"end":{"line":40,"column":7}},"20":{"start":{"line":38,"column":8},"end":{"line":38,"column":57}},"21":{"start":{"line":39,"column":8},"end":{"line":39,"column":60}},"22":{"start":{"line":44,"column":0},"end":{"line":44,"column":21}}},"fnMap":{"0":{"name":"(anonymous_0)","decl":{"start":{"line":22,"column":18},"end":{"line":22,"column":19}},"loc":{"start":{"line":22,"column":30},"end":{"line":30,"column":1}},"line":22},"1":{"name":"(anonymous_1)","decl":{"start":{"line":37,"column":21},"end":{"line":37,"column":22}},"loc":{"start":{"line":37,"column":27},"end":{"line":40,"column":5}},"line":37}},"branchMap":{"0":{"loc":{"start":{"line":33,"column":0},"end":{"line":41,"column":1}},"type":"if","locations":[{"start":{"line":33,"column":0},"end":{"line":41,"column":1}},{"start":{},"end":{}}],"line":33},"1":{"loc":{"start":{"line":36,"column":17},"end":{"line":36,"column":41}},"type":"binary-expr","locations":[{"start":{"line":36,"column":17},"end":{"line":36,"column":33}},{"start":{"line":36,"column":37},"end":{"line":36,"column":41}}],"line":36}},"s":{"0":0,"1":0,"2":0,"3":0,"4":0,"5":0,"6":0,"7":0,"8":0,"9":0,"10":0,"11":0,"12":0,"13":0,"14":0,"15":0,"16":0,"17":0,"18":0,"19":0,"20":0,"21":0,"22":0},"f":{"0":0,"1":0},"b":{"0":[0,0],"1":[0,0]}}
,"/Users/mac/testing-and-debugging-ensuring-mern-app-reliability-Alameen-85/server/src/Helpers/bugHelper.js": {"path":"/Users/mac/testing-and-debugging-ensuring-mern-app-reliability-Alameen-85/server/src/Helpers/bugHelper.js","statementMap":{"0":{"start":{"line":3,"column":4},"end":{"line":3,"column":57}},"1":{"start":{"line":3,"column":44},"end":{"line":3,"column":57}},"2":{"start":{"line":4,"column":4},"end":{"line":4,"column":70}},"3":{"start":{"line":4,"column":57},"end":{"line":4,"column":70}},"4":{"start":{"line":5,"column":4},"end":{"line":5,"column":76}},"5":{"start":{"line":5,"column":63},"end":{"line":5,"column":76}},"6":{"start":{"line":6,"column":4},"end":{"line":6,"column":16}},"7":{"start":{"line":9,"column":0},"end":{"line":9,"column":33}}},"fnMap":{"0":{"name":"validateBug","decl":{"start":{"line":2,"column":9},"end":{"line":2,"column":20}},"loc":{"start":{"line":2,"column":26},"end":{"line":7,"column":1}},"line":2}},"branchMap":{"0":{"loc":{"start":{"line":3,"column":4},"end":{"line":3,"column":57}},"type":"if","locations":[{"start":{"line":3,"column":4},"end":{"line":3,"column":57}},{"start":{},"end":{}}],"line":3},"1":{"loc":{"start":{"line":3,"column":8},"end":{"line":3,"column":42}},"type":"binary-expr","locations":[{"start":{"line":3,"column":8},"end":{"line":3,"column":18}},{"start":{"line":3,"column":22},"end":{"line":3,"column":42}}],"line":3},"2":{"loc":{"start":{"line":4,"column":4},"end":{"line":4,"column":70}},"type":"if","locations":[{"start":{"line":4,"column":4},"end":{"line":4,"column":70}},{"start":{},"end":{}}],"line":4},"3":{"loc":{"start":{"line":4,"column":8},"end":{"line":4,"column":55}},"type":"binary-expr","locations":[{"start":{"line":4,"column":8},"end":{"line":4,"column":24}},{"start":{"line":4,"column":28},"end":{"line":4,"column":55}}],"line":4},"4":{"loc":{"start":{"line":5,"column":4},"end":{"line":5,"column":76}},"type":"if","locations":[{"start":{"line":5,"column":4},"end":{"line":5,"column":76}},{"start":{},"end":{}}],"line":5},"5":{"loc":{"start":{"line":5,"column":8},"end":{"line":5,"column":61}},"type":"binary-expr","locations":[{"start":{"line":5,"column":8},"end":{"line":5,"column":23}},{"start":{"line":5,"column":27},"end":{"line":5,"column":61}}],"line":5}},"s":{"0":5,"1":1,"2":4,"3":1,"4":3,"5":2,"6":1,"7":1},"f":{"0":5},"b":{"0":[1,4],"1":[5,4],"2":[1,3],"3":[4,4],"4":[2,1],"5":[3,2]},"_coverageSchema":"1a1c01bbd47fc00a2c39e90264f33305004495a9","hash":"c65320f34fabed120c0ebf0bc074c05adca8d50a"}
,"/Users/mac/testing-and-debugging-ensuring-mern-app-reliability-Alameen-85/server/src/controllers/bugController.js": {"path":"/Users/mac/testing-and-debugging-ensuring-mern-app-reliability-Alameen-85/server/src/controllers/bugController.js","statementMap":{"0":{"start":{"line":1,"column":12},"end":{"line":1,"column":36}},"1":{"start":{"line":4,"column":0},"end":{"line":22,"column":2}},"2":{"start":{"line":5,"column":4},"end":{"line":21,"column":5}},"3":{"start":{"line":6,"column":37},"end":{"line":6,"column":46}},"4":{"start":{"line":7,"column":23},"end":{"line":7,"column":25}},"5":{"start":{"line":9,"column":8},"end":{"line":9,"column":43}},"6":{"start":{"line":9,"column":20},"end":{"line":9,"column":43}},"7":{"start":{"line":10,"column":8},"end":{"line":10,"column":49}},"8":{"start":{"line":10,"column":22},"end":{"line":10,"column":49}},"9":{"start":{"line":12,"column":21},"end":{"line":12,"column":67}},"10":{"start":{"line":14,"column":8},"end":{"line":18,"column":11}},"11":{"start":{"line":20,"column":8},"end":{"line":20,"column":20}},"12":{"start":{"line":25,"column":0},"end":{"line":43,"column":2}},"13":{"start":{"line":26,"column":4},"end":{"line":42,"column":5}},"14":{"start":{"line":27,"column":20},"end":{"line":27,"column":53}},"15":{"start":{"line":29,"column":8},"end":{"line":34,"column":9}},"16":{"start":{"line":30,"column":12},"end":{"line":33,"column":15}},"17":{"start":{"line":36,"column":8},"end":{"line":39,"column":11}},"18":{"start":{"line":41,"column":8},"end":{"line":41,"column":20}},"19":{"start":{"line":46,"column":0},"end":{"line":57,"column":2}},"20":{"start":{"line":47,"column":4},"end":{"line":56,"column":5}},"21":{"start":{"line":48,"column":20},"end":{"line":48,"column":46}},"22":{"start":{"line":50,"column":8},"end":{"line":53,"column":11}},"23":{"start":{"line":55,"column":8},"end":{"line":55,"column":20}},"24":{"start":{"line":60,"column":0},"end":{"line":82,"column":2}},"25":{"start":{"line":61,"column":4},"end":{"line":81,"column":5}},"26":{"start":{"line":62,"column":20},"end":{"line":66,"column":9}},"27":{"start":{"line":68,"column":8},"end":{"line":73,"column":9}},"28":{"start":{"line":69,"column":12},"end":{"line":72,"column":15}},"29":{"start":{"line":75,"column":8},"end":{"line":78,"column":11}},"30":{"start":{"line":80,"column":8},"end":{"line":80,"column":20}},"31":{"start":{"line":85,"column":0},"end":{"line":103,"column":2}},"32":{"start":{"line":86,"column":4},"end":{"line":102,"column":5}},"33":{"start":{"line":87,"column":20},"end":{"line":87,"column":62}},"34":{"start":{"line":89,"column":8},"end":{"line":94,"column":9}},"35":{"start":{"line":90,"column":12},"end":{"line":93,"column":15}},"36":{"start":{"line":96,"column":8},"end":{"line":99,"column":11}},"37":{"start":{"line":101,"column":8},"end":{"line":101,"column":20}}},"fnMap":{"0":{"name":"(anonymous_0)","decl":{"start":{"line":4,"column":21},"end":{"line":4,"column":22}},"loc":{"start":{"line":4,"column":47},"end":{"line":22,"column":1}},"line":4},"1":{"name":"(anonymous_1)","decl":{"start":{"line":25,"column":21},"end":{"line":25,"column":22}},"loc":{"start":{"line":25,"column":47},"end":{"line":43,"column":1}},"line":25},"2":{"name":"(anonymous_2)","decl":{"start":{"line":46,"column":20},"end":{"line":46,"column":21}},"loc":{"start":{"line":46,"column":46},"end":{"line":57,"column":1}},"line":46},"3":{"name":"(anonymous_3)","decl":{"start":{"line":60,"column":20},"end":{"line":60,"column":21}},"loc":{"start":{"line":60,"column":46},"end":{"line":82,"column":1}},"line":60},"4":{"name":"(anonymous_4)","decl":{"start":{"line":85,"column":20},"end":{"line":85,"column":21}},"loc":{"start":{"line":85,"column":46},"end":{"line":103,"column":1}},"line":85}},"branchMap":{"0":{"loc":{"start":{"line":9,"column":8},"end":{"line":9,"column":43}},"type":"if","locations":[{"start":{"line":9,"column":8},"end":{"line":9,"column":43}},{"start":{},"end":{}}],"line":9},"1":{"loc":{"start":{"line":10,"column":8},"end":{"line":10,"column":49}},"type":"if","locations":[{"start":{"line":10,"column":8},"end":{"line":10,"column":49}},{"start":{},"end":{}}],"line":10},"2":{"loc":{"start":{"line":29,"column":8},"end":{"line":34,"column":9}},"type":"if","locations":[{"start":{"line":29,"column":8},"end":{"line":34,"column":9}},{"start":{},"end":{}}],"line":29},"3":{"loc":{"start":{"line":68,"column":8},"end":{"line":73,"column":9}},"type":"if","locations":[{"start":{"line":68,"column":8},"end":{"line":73,"column":9}},{"start":{},"end":{}}],"line":68},"4":{"loc":{"start":{"line":89,"column":8},"end":{"line":94,"column":9}},"type":"if","locations":[{"start":{"line":89,"column":8},"end":{"line":94,"column":9}},{"start":{},"end":{}}],"line":89}},"s":{"0":4,"1":4,"2":1,"3":1,"4":1,"5":1,"6":0,"7":1,"8":0,"9":1,"10":1,"11":0,"12":4,"13":1,"14":1,"15":1,"16":0,"17":1,"18":0,"19":4,"20":2,"21":2,"22":1,"23":1,"24":4,"25":3,"26":3,"27":2,"28":1,"29":1,"30":1,"31":4,"32":3,"33":3,"34":2,"35":1,"36":1,"37":1},"f":{"0":1,"1":1,"2":2,"3":3,"4":3},"b":{"0":[0,1],"1":[0,1],"2":[0,1],"3":[1,1],"4":[1,1]},"_coverageSchema":"1a1c01bbd47fc00a2c39e90264f33305004495a9","hash":"2f79ad3d057105c2df619bf0eccec4900dfc9ce1"}
,"/Users/mac/testing-and-debugging-ensuring-mern-app-reliability-Alameen-85/server/src/middleware/errorHandler.js": {"path":"/Users/mac/testing-and-debugging-ensuring-mern-app-reliability-Alameen-85/server/src/middleware/errorHandler.js","statementMap":{"0":{"start":{"line":1,"column":21},"end":{"line":25,"column":1}},"1":{"start":{"line":2,"column":4},"end":{"line":2,"column":33}},"2":{"start":{"line":4,"column":4},"end":{"line":11,"column":5}},"3":{"start":{"line":5,"column":23},"end":{"line":5,"column":68}},"4":{"start":{"line":5,"column":58},"end":{"line":5,"column":67}},"5":{"start":{"line":6,"column":8},"end":{"line":10,"column":11}},"6":{"start":{"line":13,"column":4},"end":{"line":18,"column":5}},"7":{"start":{"line":14,"column":8},"end":{"line":17,"column":11}},"8":{"start":{"line":20,"column":4},"end":{"line":24,"column":7}},"9":{"start":{"line":27,"column":0},"end":{"line":27,"column":30}}},"fnMap":{"0":{"name":"(anonymous_0)","decl":{"start":{"line":1,"column":21},"end":{"line":1,"column":22}},"loc":{"start":{"line":1,"column":46},"end":{"line":25,"column":1}},"line":1},"1":{"name":"(anonymous_1)","decl":{"start":{"line":5,"column":53},"end":{"line":5,"column":54}},"loc":{"start":{"line":5,"column":58},"end":{"line":5,"column":67}},"line":5}},"branchMap":{"0":{"loc":{"start":{"line":4,"column":4},"end":{"line":11,"column":5}},"type":"if","locations":[{"start":{"line":4,"column":4},"end":{"line":11,"column":5}},{"start":{},"end":{}}],"line":4},"1":{"loc":{"start":{"line":13,"column":4},"end":{"line":18,"column":5}},"type":"if","locations":[{"start":{"line":13,"column":4},"end":{"line":18,"column":5}},{"start":{},"end":{}}],"line":13},"2":{"loc":{"start":{"line":20,"column":15},"end":{"line":20,"column":32}},"type":"binary-expr","locations":[{"start":{"line":20,"column":15},"end":{"line":20,"column":25}},{"start":{"line":20,"column":29},"end":{"line":20,"column":32}}],"line":20},"3":{"loc":{"start":{"line":22,"column":17},"end":{"line":22,"column":55}},"type":"binary-expr","locations":[{"start":{"line":22,"column":17},"end":{"line":22,"column":28}},{"start":{"line":22,"column":32},"end":{"line":22,"column":55}}],"line":22},"4":{"loc":{"start":{"line":23,"column":12},"end":{"line":23,"column":74}},"type":"binary-expr","locations":[{"start":{"line":23,"column":12},"end":{"line":23,"column":50}},{"start":{"line":23,"column":54},"end":{"line":23,"column":74}}],"line":23}},"s":{"0":4,"1":3,"2":3,"3":0,"4":0,"5":0,"6":3,"7":0,"8":3,"9":4},"f":{"0":3,"1":0},"b":{"0":[0,3],"1":[0,3],"2":[3,3],"3":[3,0],"4":[3,0]},"_coverageSchema":"1a1c01bbd47fc00a2c39e90264f33305004495a9","hash":"d15fe8186a5d7f3b36651c0ccaee48a4bbb47add"}
,"/Users/mac/testing-and-debugging-ensuring-mern-app-reliability-Alameen-85/server/src/models/Bug.js": {"path":"/Users/mac/testing-and-debugging-ensuring-mern-app-reliability-Alameen-85/server/src/models/Bug.js","statementMap":{"0":{"start":{"line":1,"column":17},"end":{"line":1,"column":36}},"1":{"start":{"line":3,"column":18},"end":{"line":40,"column":2}},"2":{"start":{"line":43,"column":0},"end":{"line":46,"column":3}},"3":{"start":{"line":44,"column":4},"end":{"line":44,"column":32}},"4":{"start":{"line":45,"column":4},"end":{"line":45,"column":11}},"5":{"start":{"line":48,"column":0},"end":{"line":48,"column":50}}},"fnMap":{"0":{"name":"(anonymous_0)","decl":{"start":{"line":43,"column":22},"end":{"line":43,"column":23}},"loc":{"start":{"line":43,"column":38},"end":{"line":46,"column":1}},"line":43}},"branchMap":{},"s":{"0":1,"1":1,"2":1,"3":0,"4":0,"5":1},"f":{"0":0},"b":{},"_coverageSchema":"1a1c01bbd47fc00a2c39e90264f33305004495a9","hash":"537f365ecb26f020fc6f5e1e18651f0587d3337e"}
,"/Users/mac/testing-and-debugging-ensuring-mern-app-reliability-Alameen-85/server/src/routes/bugRoutes.js": {"path":"/Users/mac/testing-and-debugging-ensuring-mern-app-reliability-Alameen-85/server/src/routes/bugRoutes.js","statementMap":{"0":{"start":{"line":1,"column":16},"end":{"line":1,"column":34}},"1":{"start":{"line":2,"column":15},"end":{"line":2,"column":31}},"2":{"start":{"line":9,"column":4},"end":{"line":9,"column":43}},"3":{"start":{"line":11,"column":0},"end":{"line":13,"column":21}},"4":{"start":{"line":15,"column":0},"end":{"line":18,"column":23}},"5":{"start":{"line":20,"column":0},"end":{"line":20,"column":24}}},"fnMap":{},"branchMap":{},"s":{"0":4,"1":4,"2":4,"3":4,"4":4,"5":4},"f":{},"b":{},"_coverageSchema":"1a1c01bbd47fc00a2c39e90264f33305004495a9","hash":"ea4ac942e6b9a2e2832fdf75c8ebfefef2d0893b"}
}
