TN:
SF:src/server.js
FN:22,(anonymous_0)
FN:37,(anonymous_1)
FNF:2
FNH:0
FNDA:0,(anonymous_0)
FNDA:0,(anonymous_1)
DA:1,0
DA:2,0
DA:3,0
DA:4,0
DA:7,0
DA:9,0
DA:12,0
DA:13,0
DA:16,0
DA:19,0
DA:22,0
DA:23,0
DA:24,0
DA:25,0
DA:27,0
DA:28,0
DA:33,0
DA:34,0
DA:36,0
DA:37,0
DA:38,0
DA:39,0
DA:44,0
LF:23
LH:0
BRDA:33,0,0,0
BRDA:33,0,1,0
BRDA:36,1,0,0
BRDA:36,1,1,0
BRF:4
BRH:0
end_of_record
TN:
SF:src/Helpers/bugHelper.js
FN:2,validateBug
FNF:1
FNH:1
FNDA:5,validateBug
DA:3,5
DA:4,4
DA:5,3
DA:6,1
DA:9,1
LF:5
LH:5
BRDA:3,0,0,1
BRDA:3,0,1,4
BRDA:3,1,0,5
BRDA:3,1,1,4
BRDA:4,2,0,1
BRDA:4,2,1,3
BRDA:4,3,0,4
BRDA:4,3,1,4
BRDA:5,4,0,2
BRDA:5,4,1,1
BRDA:5,5,0,3
BRDA:5,5,1,2
BRF:12
BRH:12
end_of_record
TN:
SF:src/controllers/bugController.js
FN:4,(anonymous_0)
FN:25,(anonymous_1)
FN:46,(anonymous_2)
FN:60,(anonymous_3)
FN:85,(anonymous_4)
FNF:5
FNH:5
FNDA:1,(anonymous_0)
FNDA:1,(anonymous_1)
FNDA:2,(anonymous_2)
FNDA:3,(anonymous_3)
FNDA:3,(anonymous_4)
DA:1,4
DA:4,4
DA:5,1
DA:6,1
DA:7,1
DA:9,1
DA:10,1
DA:12,1
DA:14,1
DA:20,0
DA:25,4
DA:26,1
DA:27,1
DA:29,1
DA:30,0
DA:36,1
DA:41,0
DA:46,4
DA:47,2
DA:48,2
DA:50,1
DA:55,1
DA:60,4
DA:61,3
DA:62,3
DA:68,2
DA:69,1
DA:75,1
DA:80,1
DA:85,4
DA:86,3
DA:87,3
DA:89,2
DA:90,1
DA:96,1
DA:101,1
LF:36
LH:33
BRDA:9,0,0,0
BRDA:9,0,1,1
BRDA:10,1,0,0
BRDA:10,1,1,1
BRDA:29,2,0,0
BRDA:29,2,1,1
BRDA:68,3,0,1
BRDA:68,3,1,1
BRDA:89,4,0,1
BRDA:89,4,1,1
BRF:10
BRH:7
end_of_record
TN:
SF:src/middleware/errorHandler.js
FN:1,(anonymous_0)
FN:5,(anonymous_1)
FNF:2
FNH:1
FNDA:3,(anonymous_0)
FNDA:0,(anonymous_1)
DA:1,4
DA:2,3
DA:4,3
DA:5,0
DA:6,0
DA:13,3
DA:14,0
DA:20,3
DA:27,4
LF:9
LH:6
BRDA:4,0,0,0
BRDA:4,0,1,3
BRDA:13,1,0,0
BRDA:13,1,1,3
BRDA:20,2,0,3
BRDA:20,2,1,3
BRDA:22,3,0,3
BRDA:22,3,1,0
BRDA:23,4,0,3
BRDA:23,4,1,0
BRF:10
BRH:6
end_of_record
TN:
SF:src/models/Bug.js
FN:43,(anonymous_0)
FNF:1
FNH:0
FNDA:0,(anonymous_0)
DA:1,1
DA:3,1
DA:43,1
DA:44,0
DA:45,0
DA:48,1
LF:6
LH:4
BRF:0
BRH:0
end_of_record
TN:
SF:src/routes/bugRoutes.js
FNF:0
FNH:0
DA:1,4
DA:2,4
DA:9,4
DA:11,4
DA:15,4
DA:20,4
LF:6
LH:6
BRF:0
BRH:0
end_of_record
